<?xml version="1.0" encoding="UTF-8"?>
<testng-results skipped="0" failed="0" total="1" passed="1">
  <reporter-output>
  </reporter-output>
  <suite name="Default suite" duration-ms="12728" started-at="2016-04-07T01:55:44Z" finished-at="2016-04-07T01:55:56Z">
    <groups>
    </groups>
    <test name="Default test" duration-ms="12728" started-at="2016-04-07T01:55:44Z" finished-at="2016-04-07T01:55:56Z">
      <class name="automationFramework.Login">
        <test-method status="PASS" signature="beforeMethod()[pri:0, instance:automationFramework.Login@6a6afff2]" name="beforeMethod" is-config="true" duration-ms="5763" started-at="2016-04-07T09:55:44Z" finished-at="2016-04-07T09:55:50Z">
          <reporter-output>
          </reporter-output>
        </test-method> <!-- beforeMethod -->
        <test-method status="PASS" signature="main()[pri:0, instance:automationFramework.Login@6a6afff2]" name="main" duration-ms="5464" started-at="2016-04-07T09:55:50Z" finished-at="2016-04-07T09:55:55Z">
          <reporter-output>
          </reporter-output>
        </test-method> <!-- main -->
        <test-method status="PASS" signature="afterMethod()[pri:0, instance:automationFramework.Login@6a6afff2]" name="afterMethod" is-config="true" duration-ms="1467" started-at="2016-04-07T09:55:55Z" finished-at="2016-04-07T09:55:56Z">
          <reporter-output>
          </reporter-output>
        </test-method> <!-- afterMethod -->
      </class> <!-- automationFramework.Login -->
    </test> <!-- Default test -->
  </suite> <!-- Default suite -->
</testng-results>
